DEBUG - 2025-11-11 18:22:09 --> Session: Class initialized using 'CodeIgniter\Session\Handlers\FileHandler' driver.
CRITICAL - 2025-11-11 18:22:09 --> ErrorException: Undefined variable $boards
[Method: GET, Route: /]
in APPPATH/Views/pages/page_Companies_Test.php on line 78.
 1 APPPATH/Views/pages/page_Companies_Test.php(78): CodeIgniter\Debug\Exceptions->errorHandler(2, 'Undefined variable $boards', '/Applications/MAMP/htdocs/BA_WebApp/app/Views/pages/page_Companies_Test.php', 78)
 2 SYSTEMPATH/View/View.php(226): include('/Applications/MAMP/htdocs/BA_WebApp/app/Views/pages/page_Companies_Test.php')
 3 SYSTEMPATH/View/View.php(229): CodeIgniter\View\View->CodeIgniter\View\{closure}()
 4 SYSTEMPATH/Common.php(1167): CodeIgniter\View\View->render('pages/page_Companies_Test', [], true)
 5 APPPATH/Controllers/CompaniesController.php(11): view('pages/page_Companies_Test')
 6 SYSTEMPATH/CodeIgniter.php(933): App\Controllers\CompaniesController->index()
 7 SYSTEMPATH/CodeIgniter.php(507): CodeIgniter\CodeIgniter->runController(Object(App\Controllers\CompaniesController))
 8 SYSTEMPATH/CodeIgniter.php(354): CodeIgniter\CodeIgniter->handleRequest(null, Object(Config\Cache), false)
 9 SYSTEMPATH/Boot.php(363): CodeIgniter\CodeIgniter->run()
10 SYSTEMPATH/Boot.php(68): CodeIgniter\Boot::runCodeIgniter(Object(CodeIgniter\CodeIgniter))
11 FCPATH/index.php(59): CodeIgniter\Boot::bootWeb(Object(Config\Paths))
DEBUG - 2025-11-11 18:23:50 --> Session: Class initialized using 'CodeIgniter\Session\Handlers\FileHandler' driver.
CRITICAL - 2025-11-11 18:23:50 --> ErrorException: Undefined variable $companies
[Method: GET, Route: /]
in APPPATH/Views/pages/page_Companies_Test.php on line 78.
 1 APPPATH/Views/pages/page_Companies_Test.php(78): CodeIgniter\Debug\Exceptions->errorHandler(2, 'Undefined variable $companies', '/Applications/MAMP/htdocs/BA_WebApp/app/Views/pages/page_Companies_Test.php', 78)
 2 SYSTEMPATH/View/View.php(226): include('/Applications/MAMP/htdocs/BA_WebApp/app/Views/pages/page_Companies_Test.php')
 3 SYSTEMPATH/View/View.php(229): CodeIgniter\View\View->CodeIgniter\View\{closure}()
 4 SYSTEMPATH/Common.php(1167): CodeIgniter\View\View->render('pages/page_Companies_Test', [], true)
 5 APPPATH/Controllers/CompaniesController.php(11): view('pages/page_Companies_Test')
 6 SYSTEMPATH/CodeIgniter.php(933): App\Controllers\CompaniesController->index()
 7 SYSTEMPATH/CodeIgniter.php(507): CodeIgniter\CodeIgniter->runController(Object(App\Controllers\CompaniesController))
 8 SYSTEMPATH/CodeIgniter.php(354): CodeIgniter\CodeIgniter->handleRequest(null, Object(Config\Cache), false)
 9 SYSTEMPATH/Boot.php(363): CodeIgniter\CodeIgniter->run()
10 SYSTEMPATH/Boot.php(68): CodeIgniter\Boot::runCodeIgniter(Object(CodeIgniter\CodeIgniter))
11 FCPATH/index.php(59): CodeIgniter\Boot::bootWeb(Object(Config\Paths))
CRITICAL - 2025-11-11 18:26:42 --> ParseError: syntax error, unexpected end of file
[Method: GET, Route: /]
in APPPATH/Views/pages/page_Companies_Test.php on line 242.
 1 SYSTEMPATH/View/View.php(229): CodeIgniter\View\View->CodeIgniter\View\{closure}()
 2 SYSTEMPATH/Common.php(1167): CodeIgniter\View\View->render('pages/page_Companies_Test', [], true)
 3 APPPATH/Controllers/CompaniesController.php(11): view('pages/page_Companies_Test')
 4 SYSTEMPATH/CodeIgniter.php(933): App\Controllers\CompaniesController->index()
 5 SYSTEMPATH/CodeIgniter.php(507): CodeIgniter\CodeIgniter->runController(Object(App\Controllers\CompaniesController))
 6 SYSTEMPATH/CodeIgniter.php(354): CodeIgniter\CodeIgniter->handleRequest(null, Object(Config\Cache), false)
 7 SYSTEMPATH/Boot.php(363): CodeIgniter\CodeIgniter->run()
 8 SYSTEMPATH/Boot.php(68): CodeIgniter\Boot::runCodeIgniter(Object(CodeIgniter\CodeIgniter))
 9 FCPATH/index.php(59): CodeIgniter\Boot::bootWeb(Object(Config\Paths))
CRITICAL - 2025-11-11 18:27:09 --> ParseError: syntax error, unexpected end of file
[Method: GET, Route: /]
in APPPATH/Views/pages/page_Companies_Test.php on line 241.
 1 SYSTEMPATH/View/View.php(229): CodeIgniter\View\View->CodeIgniter\View\{closure}()
 2 SYSTEMPATH/Common.php(1167): CodeIgniter\View\View->render('pages/page_Companies_Test', [], true)
 3 APPPATH/Controllers/CompaniesController.php(11): view('pages/page_Companies_Test')
 4 SYSTEMPATH/CodeIgniter.php(933): App\Controllers\CompaniesController->index()
 5 SYSTEMPATH/CodeIgniter.php(507): CodeIgniter\CodeIgniter->runController(Object(App\Controllers\CompaniesController))
 6 SYSTEMPATH/CodeIgniter.php(354): CodeIgniter\CodeIgniter->handleRequest(null, Object(Config\Cache), false)
 7 SYSTEMPATH/Boot.php(363): CodeIgniter\CodeIgniter->run()
 8 SYSTEMPATH/Boot.php(68): CodeIgniter\Boot::runCodeIgniter(Object(CodeIgniter\CodeIgniter))
 9 FCPATH/index.php(59): CodeIgniter\Boot::bootWeb(Object(Config\Paths))
DEBUG - 2025-11-11 18:31:21 --> Session: Class initialized using 'CodeIgniter\Session\Handlers\FileHandler' driver.
CRITICAL - 2025-11-11 18:31:21 --> ErrorException: Undefined variable $companies
[Method: GET, Route: /]
in APPPATH/Views/pages/page_Companies_Test.php on line 108.
 1 APPPATH/Views/pages/page_Companies_Test.php(108): CodeIgniter\Debug\Exceptions->errorHandler(2, 'Undefined variable $companies', '/Applications/MAMP/htdocs/BA_WebApp/app/Views/pages/page_Companies_Test.php', 108)
 2 SYSTEMPATH/View/View.php(226): include('/Applications/MAMP/htdocs/BA_WebApp/app/Views/pages/page_Companies_Test.php')
 3 SYSTEMPATH/View/View.php(229): CodeIgniter\View\View->CodeIgniter\View\{closure}()
 4 SYSTEMPATH/Common.php(1167): CodeIgniter\View\View->render('pages/page_Companies_Test', [], true)
 5 APPPATH/Controllers/CompaniesController.php(11): view('pages/page_Companies_Test')
 6 SYSTEMPATH/CodeIgniter.php(933): App\Controllers\CompaniesController->index()
 7 SYSTEMPATH/CodeIgniter.php(507): CodeIgniter\CodeIgniter->runController(Object(App\Controllers\CompaniesController))
 8 SYSTEMPATH/CodeIgniter.php(354): CodeIgniter\CodeIgniter->handleRequest(null, Object(Config\Cache), false)
 9 SYSTEMPATH/Boot.php(363): CodeIgniter\CodeIgniter->run()
10 SYSTEMPATH/Boot.php(68): CodeIgniter\Boot::runCodeIgniter(Object(CodeIgniter\CodeIgniter))
11 FCPATH/index.php(59): CodeIgniter\Boot::bootWeb(Object(Config\Paths))
DEBUG - 2025-11-11 18:33:00 --> Session: Class initialized using 'CodeIgniter\Session\Handlers\FileHandler' driver.
CRITICAL - 2025-11-11 18:33:00 --> ErrorException: Undefined variable $companies
[Method: GET, Route: /]
in APPPATH/Views/pages/page_Companies_Test.php on line 101.
 1 APPPATH/Views/pages/page_Companies_Test.php(101): CodeIgniter\Debug\Exceptions->errorHandler(2, 'Undefined variable $companies', '/Applications/MAMP/htdocs/BA_WebApp/app/Views/pages/page_Companies_Test.php', 101)
 2 SYSTEMPATH/View/View.php(226): include('/Applications/MAMP/htdocs/BA_WebApp/app/Views/pages/page_Companies_Test.php')
 3 SYSTEMPATH/View/View.php(229): CodeIgniter\View\View->CodeIgniter\View\{closure}()
 4 SYSTEMPATH/Common.php(1167): CodeIgniter\View\View->render('pages/page_Companies_Test', [], true)
 5 APPPATH/Controllers/CompaniesController.php(11): view('pages/page_Companies_Test')
 6 SYSTEMPATH/CodeIgniter.php(933): App\Controllers\CompaniesController->index()
 7 SYSTEMPATH/CodeIgniter.php(507): CodeIgniter\CodeIgniter->runController(Object(App\Controllers\CompaniesController))
 8 SYSTEMPATH/CodeIgniter.php(354): CodeIgniter\CodeIgniter->handleRequest(null, Object(Config\Cache), false)
 9 SYSTEMPATH/Boot.php(363): CodeIgniter\CodeIgniter->run()
10 SYSTEMPATH/Boot.php(68): CodeIgniter\Boot::runCodeIgniter(Object(CodeIgniter\CodeIgniter))
11 FCPATH/index.php(59): CodeIgniter\Boot::bootWeb(Object(Config\Paths))
DEBUG - 2025-11-11 18:34:41 --> Session: Class initialized using 'CodeIgniter\Session\Handlers\FileHandler' driver.
CRITICAL - 2025-11-11 18:34:41 --> ErrorException: Undefined variable $companies
[Method: GET, Route: /]
in APPPATH/Views/pages/page_Companies_Test.php on line 101.
 1 APPPATH/Views/pages/page_Companies_Test.php(101): CodeIgniter\Debug\Exceptions->errorHandler(2, 'Undefined variable $companies', '/Applications/MAMP/htdocs/BA_WebApp/app/Views/pages/page_Companies_Test.php', 101)
 2 SYSTEMPATH/View/View.php(226): include('/Applications/MAMP/htdocs/BA_WebApp/app/Views/pages/page_Companies_Test.php')
 3 SYSTEMPATH/View/View.php(229): CodeIgniter\View\View->CodeIgniter\View\{closure}()
 4 SYSTEMPATH/Common.php(1167): CodeIgniter\View\View->render('pages/page_Companies_Test', [], true)
 5 APPPATH/Controllers/CompaniesController.php(11): view('pages/page_Companies_Test')
 6 SYSTEMPATH/CodeIgniter.php(933): App\Controllers\CompaniesController->index()
 7 SYSTEMPATH/CodeIgniter.php(507): CodeIgniter\CodeIgniter->runController(Object(App\Controllers\CompaniesController))
 8 SYSTEMPATH/CodeIgniter.php(354): CodeIgniter\CodeIgniter->handleRequest(null, Object(Config\Cache), false)
 9 SYSTEMPATH/Boot.php(363): CodeIgniter\CodeIgniter->run()
10 SYSTEMPATH/Boot.php(68): CodeIgniter\Boot::runCodeIgniter(Object(CodeIgniter\CodeIgniter))
11 FCPATH/index.php(59): CodeIgniter\Boot::bootWeb(Object(Config\Paths))
DEBUG - 2025-11-11 18:36:46 --> Session: Class initialized using 'CodeIgniter\Session\Handlers\FileHandler' driver.
DEBUG - 2025-11-11 18:37:52 --> Session: Class initialized using 'CodeIgniter\Session\Handlers\FileHandler' driver.
DEBUG - 2025-11-11 18:41:05 --> Session: Class initialized using 'CodeIgniter\Session\Handlers\FileHandler' driver.
DEBUG - 2025-11-11 19:03:39 --> Session: Class initialized using 'CodeIgniter\Session\Handlers\FileHandler' driver.
